This is pdfTeX, Version 3.14159265-2.6-1.40.20 (TeX Live 2019) (preloaded format=pdflatex 2019.5.8)  9 OCT 2022 05:22
entering extended mode
 restricted \write18 enabled.
 file:line:error style messages enabled.
 %&-line parsing enabled.
**Grad_Physics.tex
(./Grad_Physics.tex
LaTeX2e <2018-12-01>
(/usr/local/texlive/2019/texmf-dist/tex/latex/amscls/amsart.cls
Document Class: amsart 2017/10/31 v2.20.4
\linespacing=\dimen102
\normalparindent=\dimen103
\normaltopskip=\skip41
(/usr/local/texlive/2019/texmf-dist/tex/latex/amsmath/amsmath.sty
Package: amsmath 2018/12/01 v2.17b AMS math features
\@mathmargin=\skip42

For additional information on amsmath, use the `?' option.
(/usr/local/texlive/2019/texmf-dist/tex/latex/amsmath/amstext.sty
Package: amstext 2000/06/29 v2.01 AMS text

(/usr/local/texlive/2019/texmf-dist/tex/latex/amsmath/amsgen.sty
File: amsgen.sty 1999/11/30 v2.0 generic functions
\@emptytoks=\toks14
\ex@=\dimen104
))
(/usr/local/texlive/2019/texmf-dist/tex/latex/amsmath/amsbsy.sty
Package: amsbsy 1999/11/29 v1.2d Bold Symbols
\pmbraise@=\dimen105
)
(/usr/local/texlive/2019/texmf-dist/tex/latex/amsmath/amsopn.sty
Package: amsopn 2016/03/08 v2.02 operator names
)
\inf@bad=\count80
LaTeX Info: Redefining \frac on input line 223.
\uproot@=\count81
\leftroot@=\count82
LaTeX Info: Redefining \overline on input line 385.
\classnum@=\count83
\DOTSCASE@=\count84
LaTeX Info: Redefining \ldots on input line 482.
LaTeX Info: Redefining \dots on input line 485.
LaTeX Info: Redefining \cdots on input line 606.
\Mathstrutbox@=\box27
\strutbox@=\box28
\big@size=\dimen106
LaTeX Font Info:    Redeclaring font encoding OML on input line 729.
LaTeX Font Info:    Redeclaring font encoding OMS on input line 730.
\macc@depth=\count85
\c@MaxMatrixCols=\count86
\dotsspace@=\muskip10
\c@parentequation=\count87
\dspbrk@lvl=\count88
\tag@help=\toks15
\row@=\count89
\column@=\count90
\maxfields@=\count91
\andhelp@=\toks16
\eqnshift@=\dimen107
\alignsep@=\dimen108
\tagshift@=\dimen109
\tagwidth@=\dimen110
\totwidth@=\dimen111
\lineht@=\dimen112
\@envbody=\toks17
\multlinegap=\skip43
\multlinetaggap=\skip44
\mathdisplay@stack=\toks18
LaTeX Info: Redefining \[ on input line 2844.
LaTeX Info: Redefining \] on input line 2845.
)
LaTeX Font Info:    Try loading font information for U+msa on input line 398.

(/usr/local/texlive/2019/texmf-dist/tex/latex/amsfonts/umsa.fd
File: umsa.fd 2013/01/14 v3.01 AMS symbols A
)
(/usr/local/texlive/2019/texmf-dist/tex/latex/amsfonts/amsfonts.sty
Package: amsfonts 2013/01/14 v3.01 Basic AMSFonts support
\symAMSa=\mathgroup4
\symAMSb=\mathgroup5
LaTeX Font Info:    Overwriting math alphabet `\mathfrak' in version `bold'
(Font)                  U/euf/m/n --> U/euf/b/n on input line 106.
)
\copyins=\insert199
\abstractbox=\box29
\listisep=\skip45
\c@part=\count92
\c@section=\count93
\c@subsection=\count94
\c@subsubsection=\count95
\c@paragraph=\count96
\c@subparagraph=\count97
\c@figure=\count98
\c@table=\count99
\abovecaptionskip=\skip46
\belowcaptionskip=\skip47
\captionindent=\dimen113
\thm@style=\toks19
\thm@bodyfont=\toks20
\thm@headfont=\toks21
\thm@notefont=\toks22
\thm@headpunct=\toks23
\thm@preskip=\skip48
\thm@postskip=\skip49
\thm@headsep=\skip50
\dth@everypar=\toks24
)
(/usr/local/texlive/2019/texmf-dist/tex/latex/tools/enumerate.sty
Package: enumerate 2015/07/23 v3.00 enumerate extensions (DPC)
\@enLab=\toks25
)
(/usr/local/texlive/2019/texmf-dist/tex/latex/amsfonts/amssymb.sty
Package: amssymb 2013/01/14 v3.01 AMS font symbols
)
(/usr/local/texlive/2019/texmf-dist/tex/latex/mathtools/mathtools.sty
Package: mathtools 2018/01/08 v1.21 mathematical typesetting tools

(/usr/local/texlive/2019/texmf-dist/tex/latex/graphics/keyval.sty
Package: keyval 2014/10/28 v1.15 key=value parser (DPC)
\KV@toks@=\toks26
)
(/usr/local/texlive/2019/texmf-dist/tex/latex/tools/calc.sty
Package: calc 2017/05/25 v4.3 Infix arithmetic (KKT,FJ)
\calc@Acount=\count100
\calc@Bcount=\count101
\calc@Adimen=\dimen114
\calc@Bdimen=\dimen115
\calc@Askip=\skip51
\calc@Bskip=\skip52
LaTeX Info: Redefining \setlength on input line 80.
LaTeX Info: Redefining \addtolength on input line 81.
\calc@Ccount=\count102
\calc@Cskip=\skip53
)
(/usr/local/texlive/2019/texmf-dist/tex/latex/mathtools/mhsetup.sty
Package: mhsetup 2017/03/31 v1.3 programming setup (MH)
)
LaTeX Info: Thecontrolsequence`\('isalreadyrobust on input line 129.
LaTeX Info: Thecontrolsequence`\)'isalreadyrobust on input line 129.
LaTeX Info: Thecontrolsequence`\['isalreadyrobust on input line 129.
LaTeX Info: Thecontrolsequence`\]'isalreadyrobust on input line 129.
\g_MT_multlinerow_int=\count103
\l_MT_multwidth_dim=\dimen116
\origjot=\skip54
\l_MT_shortvdotswithinadjustabove_dim=\dimen117
\l_MT_shortvdotswithinadjustbelow_dim=\dimen118
\l_MT_above_intertext_sep=\dimen119
\l_MT_below_intertext_sep=\dimen120
\l_MT_above_shortintertext_sep=\dimen121
\l_MT_below_shortintertext_sep=\dimen122
)
(/usr/local/texlive/2019/texmf-dist/tex/latex/comment/comment.sty
\CommentStream=\write3

Excluding comment 'comment')
(/usr/local/texlive/2019/texmf-dist/tex/latex/arydshln/arydshln.sty
Package: arydshln 2019/02/21 v1.76 
\dashlinedash=\dimen123
\dashlinegap=\dimen124
\adl@box=\box30
\adl@height=\dimen125
\adl@heightsave=\dimen126
\adl@depth=\dimen127
\adl@depthsave=\dimen128
\adl@finaldepth=\dimen129
\adl@columns=\count104
\adl@ncol=\count105
\adl@currentcolumn=\count106
\adl@currentcolumnsave=\count107
\adl@totalheight=\count108
\adl@totalheightsave=\count109
\adl@dash=\count110
\adl@gap=\count111
\adl@cla=\count112
\adl@clb=\count113
\adl@everyvbox=\toks27
\adl@LTpagetotal=\dimen130
)
(/usr/local/texlive/2019/texmf-dist/tex/latex/dashrule/dashrule.sty
Package: dashrule 2013/03/28 v1.3 Dashed rules

(/usr/local/texlive/2019/texmf-dist/tex/latex/ifmtarg/ifmtarg.sty
Package: ifmtarg 2018/04/16 v1.2b check for an empty argument
)
\c@hdr@segments=\count114
)
(/usr/local/texlive/2019/texmf-dist/tex/latex/carlisle/slashed.sty
Package: slashed 1997/01/16 v0.01 Feynman Slashed Character Notation (DPC)
)
(/usr/local/texlive/2019/texmf-dist/tex/latex/jknapltx/mathrsfs.sty
Package: mathrsfs 1996/01/01 Math RSFS package v1.0 (jk)
\symrsfs=\mathgroup6
)
(/usr/local/texlive/2019/texmf-dist/tex/latex/fundus-calligra/calligra.sty
Package: calligra 2012/04/10 v1.9 LaTeX package calligra
)
(./Grad_Physics.aux)
\openout1 = `Grad_Physics.aux'.

LaTeX Font Info:    Checking defaults for OML/cmm/m/it on input line 19.
LaTeX Font Info:    ... okay on input line 19.
LaTeX Font Info:    Checking defaults for T1/cmr/m/n on input line 19.
LaTeX Font Info:    ... okay on input line 19.
LaTeX Font Info:    Checking defaults for OT1/cmr/m/n on input line 19.
LaTeX Font Info:    ... okay on input line 19.
LaTeX Font Info:    Checking defaults for OMS/cmsy/m/n on input line 19.
LaTeX Font Info:    ... okay on input line 19.
LaTeX Font Info:    Checking defaults for OMX/cmex/m/n on input line 19.
LaTeX Font Info:    ... okay on input line 19.
LaTeX Font Info:    Checking defaults for U/cmr/m/n on input line 19.
LaTeX Font Info:    ... okay on input line 19.
LaTeX Font Info:    Try loading font information for U+msa on input line 19.

(/usr/local/texlive/2019/texmf-dist/tex/latex/amsfonts/umsa.fd
File: umsa.fd 2013/01/14 v3.01 AMS symbols A
)
LaTeX Font Info:    Try loading font information for U+msb on input line 19.

(/usr/local/texlive/2019/texmf-dist/tex/latex/amsfonts/umsb.fd
File: umsb.fd 2013/01/14 v3.01 AMS symbols B
)
LaTeX Font Info:    Try loading font information for U+rsfs on input line 19.

(/usr/local/texlive/2019/texmf-dist/tex/latex/jknapltx/ursfs.fd
File: ursfs.fd 1998/03/24 rsfs font definition file (jk)
)
(/usr/local/texlive/2019/texmf-dist/tex/latex/graphics/graphicx.sty
Package: graphicx 2017/06/01 v1.1a Enhanced LaTeX Graphics (DPC,SPQR)

(/usr/local/texlive/2019/texmf-dist/tex/latex/graphics/graphics.sty
Package: graphics 2017/06/25 v1.2c Standard LaTeX Graphics (DPC,SPQR)

(/usr/local/texlive/2019/texmf-dist/tex/latex/graphics/trig.sty
Package: trig 2016/01/03 v1.10 sin cos tan (DPC)
)
(/usr/local/texlive/2019/texmf-dist/tex/latex/graphics-cfg/graphics.cfg
File: graphics.cfg 2016/06/04 v1.11 sample graphics configuration
)
Package graphics Info: Driver file: pdftex.def on input line 99.

(/usr/local/texlive/2019/texmf-dist/tex/latex/graphics-def/pdftex.def
File: pdftex.def 2018/01/08 v1.0l Graphics/color driver for pdftex

(/usr/local/texlive/2019/texmf-dist/tex/context/base/mkii/supp-pdf.mkii
[Loading MPS to PDF converter (version 2006.09.02).]
\scratchcounter=\count115
\scratchdimen=\dimen131
\scratchbox=\box31
\nofMPsegments=\count116
\nofMParguments=\count117
\everyMPshowfont=\toks28
\MPscratchCnt=\count118
\MPscratchDim=\dimen132
\MPnumerator=\count119
\makeMPintoPDFobject=\count120
\everyMPtoPDFconversion=\toks29
))) (/usr/local/texlive/2019/texmf-dist/tex/latex/oberdiek/epstopdf-base.sty
Package: epstopdf-base 2016/05/15 v2.6 Base part for package epstopdf

(/usr/local/texlive/2019/texmf-dist/tex/generic/oberdiek/infwarerr.sty
Package: infwarerr 2016/05/16 v1.4 Providing info/warning/error messages (HO)
)
(/usr/local/texlive/2019/texmf-dist/tex/latex/oberdiek/grfext.sty
Package: grfext 2016/05/16 v1.2 Manage graphics extensions (HO)

(/usr/local/texlive/2019/texmf-dist/tex/generic/oberdiek/kvdefinekeys.sty
Package: kvdefinekeys 2016/05/16 v1.4 Define keys (HO)

(/usr/local/texlive/2019/texmf-dist/tex/generic/oberdiek/ltxcmds.sty
Package: ltxcmds 2016/05/16 v1.23 LaTeX kernel commands for general use (HO)
)))
(/usr/local/texlive/2019/texmf-dist/tex/latex/oberdiek/kvoptions.sty
Package: kvoptions 2016/05/16 v3.12 Key value format for package options (HO)

(/usr/local/texlive/2019/texmf-dist/tex/generic/oberdiek/kvsetkeys.sty
Package: kvsetkeys 2016/05/16 v1.17 Key value parser (HO)

(/usr/local/texlive/2019/texmf-dist/tex/generic/oberdiek/etexcmds.sty
Package: etexcmds 2016/05/16 v1.6 Avoid name clashes with e-TeX commands (HO)

(/usr/local/texlive/2019/texmf-dist/tex/generic/oberdiek/ifluatex.sty
Package: ifluatex 2016/05/16 v1.4 Provides the ifluatex switch (HO)
Package ifluatex Info: LuaTeX not detected.
))))
(/usr/local/texlive/2019/texmf-dist/tex/generic/oberdiek/pdftexcmds.sty
Package: pdftexcmds 2018/09/10 v0.29 Utility functions of pdfTeX for LuaTeX (HO
)

(/usr/local/texlive/2019/texmf-dist/tex/generic/oberdiek/ifpdf.sty
Package: ifpdf 2018/09/07 v3.3 Provides the ifpdf switch
)
Package pdftexcmds Info: LuaTeX not detected.
Package pdftexcmds Info: \pdf@primitive is available.
Package pdftexcmds Info: \pdf@ifprimitive is available.
Package pdftexcmds Info: \pdfdraftmode found.
)
Package epstopdf-base Info: Redefining graphics rule for `.eps' on input line 4
38.
Package grfext Info: Graphics extension search list:
(grfext)             [.pdf,.png,.jpg,.mps,.jpeg,.jbig2,.jb2,.PDF,.PNG,.JPG,.JPE
G,.JBIG2,.JB2,.eps]
(grfext)             \AppendGraphicsExtensions on input line 456.

(/usr/local/texlive/2019/texmf-dist/tex/latex/latexconfig/epstopdf-sys.cfg
File: epstopdf-sys.cfg 2010/07/13 v1.3 Configuration of (r)epstopdf for TeX Liv
e
))
\Gin@req@height=\dimen133
\Gin@req@width=\dimen134
)
Underfull \hbox (badness 10000) in paragraph at lines 38--44

 []


Underfull \hbox (badness 10000) in paragraph at lines 51--57

 []


Overfull \hbox (12.0pt too wide) in paragraph at lines 59--60
[][] [] 
 []


Underfull \hbox (badness 10000) in paragraph at lines 62--64

 []


Overfull \hbox (12.0pt too wide) in paragraph at lines 66--67
[][] [] 
 []


Underfull \hbox (badness 10000) in paragraph at lines 69--73

 []

[1{/usr/local/texlive/2019/texmf-var/fonts/map/pdftex/updmap/pdftex.map}]
Overfull \hbox (12.0pt too wide) in paragraph at lines 75--76
[][] [] 
 []


Underfull \hbox (badness 10000) in paragraph at lines 78--85

 []


Overfull \hbox (12.0pt too wide) in paragraph at lines 87--88
[][] [] 
 []


Underfull \hbox (badness 10000) in paragraph at lines 90--91

 []


Overfull \hbox (12.0pt too wide) in paragraph at lines 93--94
[][] [] 
 []


Overfull \hbox (12.0pt too wide) in paragraph at lines 103--104
[][] [] 
 []


Overfull \hbox (12.0pt too wide) in paragraph at lines 114--115
[][] [] 
 []


Underfull \hbox (badness 10000) in paragraph at lines 117--120

 []


Overfull \hbox (12.0pt too wide) in paragraph at lines 122--123
[][] [] 
 []


Underfull \hbox (badness 10000) in paragraph at lines 125--128

 []


Overfull \hbox (12.0pt too wide) in paragraph at lines 130--131
[][] [] 
 []


Underfull \hbox (badness 10000) in paragraph at lines 133--143

 []


Underfull \vbox (badness 10000) has occurred while \output is active []

 [2]
Overfull \hbox (12.0pt too wide) in paragraph at lines 145--146
[][] [] 
 []


Underfull \hbox (badness 10000) in paragraph at lines 148--150

 []


Overfull \hbox (12.0pt too wide) in paragraph at lines 152--153
[][] [] 
 []


Underfull \hbox (badness 10000) in paragraph at lines 155--158

 []


Overfull \hbox (12.0pt too wide) in paragraph at lines 160--161
[][] [] 
 []


Underfull \hbox (badness 10000) in paragraph at lines 163--164

 []


Overfull \hbox (12.0pt too wide) in paragraph at lines 166--167
[][] [] 
 []


Underfull \hbox (badness 10000) in paragraph at lines 169--172

 []


Overfull \hbox (12.0pt too wide) in paragraph at lines 174--175
[][] [] 
 []


Overfull \hbox (58.80751pt too wide) in paragraph at lines 177--178
[]$[]$ \OT1/cmr/m/n/12 with com-mu-ta-tors to get to quan-tum just in-sert $\OM
L/cmm/m/it/12 i\U/msb/m/n/12 ~\OML/cmm/m/it/12 ; i:e:; \OT1/cmr/m/n/12 [\OML/cm
m/m/it/12 x; F\OT1/cmr/m/n/12 (\OML/cmm/m/it/12 p[]\OT1/cmr/m/n/12 )] =
 []


Underfull \hbox (badness 10000) in paragraph at lines 177--178

 []


Overfull \hbox (12.0pt too wide) in paragraph at lines 180--181
[][] [] 
 []


Underfull \hbox (badness 10000) in paragraph at lines 183--188

 []


Underfull \vbox (badness 10000) has occurred while \output is active []

 [3]
Overfull \hbox (12.0pt too wide) in paragraph at lines 190--191
[][] [] 
 []


Overfull \hbox (12.0pt too wide) in paragraph at lines 214--215
[][] [] 
 []


Underfull \hbox (badness 10000) in paragraph at lines 217--220

 []


Overfull \hbox (12.0pt too wide) in paragraph at lines 222--223
[][] [] 
 []


Underfull \hbox (badness 10000) in paragraph at lines 225--226

 []


Underfull \hbox (badness 10000) in paragraph at lines 226--229

 []


Overfull \hbox (12.0pt too wide) in paragraph at lines 231--232
[][] [] 
 []


Underfull \hbox (badness 10000) in paragraph at lines 234--235

 []


Overfull \hbox (12.0pt too wide) in paragraph at lines 237--238
[][] [] 
 []


Underfull \hbox (badness 10000) in paragraph at lines 240--246

 []


Underfull \vbox (badness 10000) has occurred while \output is active []

 [4]
Overfull \hbox (12.0pt too wide) in paragraph at lines 248--249
[][] [] 
 []


Overfull \hbox (12.0pt too wide) in paragraph at lines 256--257
[][] [] 
 []


Overfull \hbox (26.77794pt too wide) in paragraph at lines 259--260
[]$[]$ $\OML/cmm/m/it/12 H\OMS/cmsy/m/n/12 j\OML/cmm/m/it/12 \OMS/cmsy/m/n/12 
i \OT1/cmr/m/n/12 = \OML/cmm/m/it/12 i\U/msb/m/n/12 ~[]\OMS/cmsy/m/n/12 j\OML/c
mm/m/it/12 \OMS/cmsy/m/n/12 i$ \OT1/cmr/m/n/12 it might so hap-pen that $\OMS/
cmsy/m/n/12 j\OML/cmm/m/it/12 \OMS/cmsy/m/n/12 i \OT1/cmr/m/n/12 = \OMS/cmsy/m
/n/12 j\OML/cmm/m/it/12 E\OMS/cmsy/m/n/12 i\OML/cmm/m/it/12 i:e:H\OMS/cmsy/m/n/
12 j\OML/cmm/m/it/12 E\OMS/cmsy/m/n/12 i \OT1/cmr/m/n/12 =
 []


Overfull \hbox (12.0pt too wide) in paragraph at lines 262--263
[][] [] 
 []


Underfull \hbox (badness 10000) in paragraph at lines 265--272

 []


Overfull \hbox (12.0pt too wide) in paragraph at lines 274--275
[][] [] 
 []


Underfull \hbox (badness 10000) in paragraph at lines 277--283

 []


Overfull \hbox (12.0pt too wide) in paragraph at lines 285--286
[][] [] 
 []


Underfull \hbox (badness 10000) in paragraph at lines 288--290

 []


Overfull \hbox (12.0pt too wide) in paragraph at lines 292--293
[][] [] 
 []


Underfull \hbox (badness 10000) in paragraph at lines 295--297

 []


Overfull \hbox (12.0pt too wide) in paragraph at lines 299--300
[][] [] 
 []


Underfull \vbox (badness 10000) has occurred while \output is active []

 [5]
Underfull \hbox (badness 10000) in paragraph at lines 302--303

 []


Overfull \hbox (12.0pt too wide) in paragraph at lines 305--306
[][] [] 
 []


Underfull \hbox (badness 10000) in paragraph at lines 308--315

 []


Overfull \hbox (12.0pt too wide) in paragraph at lines 316--317
[][] [] 
 []


Underfull \hbox (badness 10000) in paragraph at lines 319--320

 []


Overfull \hbox (12.0pt too wide) in paragraph at lines 322--323
[][] [] 
 []


Underfull \hbox (badness 10000) in paragraph at lines 325--330

 []


Overfull \hbox (12.0pt too wide) in paragraph at lines 332--333
[][] [] 
 []


Underfull \hbox (badness 10000) in paragraph at lines 335--338

 []


Overfull \hbox (12.0pt too wide) in paragraph at lines 340--341
[][] [] 
 []


Underfull \hbox (badness 10000) in paragraph at lines 343--347

 []


Overfull \hbox (12.0pt too wide) in paragraph at lines 349--350
[][] [] 
 []


Underfull \hbox (badness 10000) in paragraph at lines 352--355

 []


Overfull \hbox (12.0pt too wide) in paragraph at lines 357--358
[][] [] 
 []


Underfull \hbox (badness 10000) in paragraph at lines 360--366

 []


Underfull \vbox (badness 10000) has occurred while \output is active []

 [6]
Overfull \hbox (12.0pt too wide) in paragraph at lines 368--369
[][] [] 
 []


Underfull \hbox (badness 10000) in paragraph at lines 371--378

 []


Overfull \hbox (12.0pt too wide) in paragraph at lines 380--381
[][] [] 
 []


Underfull \hbox (badness 10000) in paragraph at lines 383--388

 []


Overfull \hbox (12.0pt too wide) in paragraph at lines 390--391
[][] [] 
 []


Underfull \hbox (badness 10000) in paragraph at lines 393--401

 []


Overfull \hbox (12.0pt too wide) in paragraph at lines 404--405
[][] [] 
 []


Overfull \hbox (20.51204pt too wide) in paragraph at lines 407--414
[]$[]$ 
 []


Underfull \vbox (badness 10000) has occurred while \output is active []

 [7]
Overfull \hbox (12.0pt too wide) in paragraph at lines 417--418
[][] [] 
 []


Underfull \hbox (badness 10000) in paragraph at lines 420--428

 []


Overfull \hbox (12.0pt too wide) in paragraph at lines 430--431
[][] [] 
 []


Underfull \hbox (badness 10000) in paragraph at lines 433--436

 []


Overfull \hbox (12.0pt too wide) in paragraph at lines 438--439
[][] [] 
 []


Underfull \hbox (badness 10000) in paragraph at lines 441--444

 []


Overfull \hbox (12.0pt too wide) in paragraph at lines 446--447
[][] [] 
 []


Underfull \hbox (badness 10000) in paragraph at lines 449--459

 []


Overfull \hbox (12.0pt too wide) in paragraph at lines 461--462
[][] [] 
 []


Underfull \hbox (badness 10000) in paragraph at lines 464--471

 []


Underfull \vbox (badness 10000) has occurred while \output is active []

 [8]
Overfull \hbox (12.0pt too wide) in paragraph at lines 473--474
[][] [] 
 []


Underfull \hbox (badness 10000) in paragraph at lines 476--477

 []


Overfull \hbox (12.0pt too wide) in paragraph at lines 479--480
[][] [] 
 []


Underfull \hbox (badness 10000) in paragraph at lines 482--493

 []


Overfull \hbox (12.0pt too wide) in paragraph at lines 495--496
[][] [] 
 []


Underfull \hbox (badness 10000) in paragraph at lines 498--502

 []


Overfull \hbox (12.0pt too wide) in paragraph at lines 504--505
[][] [] 
 []


Overfull \hbox (105.7668pt too wide) in paragraph at lines 507--521
\OT1/cmr/m/n/12 (\OML/cmm/m/it/12 jisahalfintegerorintegerandallmvalueswillbeei
therhalfintegersorintegers\OT1/cmr/m/n/12 )  =[]\OMS/cmsy/m/n/12 )
 []


Underfull \vbox (badness 10000) has occurred while \output is active []

 [9]
Overfull \hbox (12.0pt too wide) in paragraph at lines 523--524
[][] [] 
 []


Overfull \hbox (12.0pt too wide) in paragraph at lines 539--540
[][] [] 
 []


Underfull \hbox (badness 10000) in paragraph at lines 542--549

 []


Overfull \hbox (12.0pt too wide) in paragraph at lines 551--552
[][] [] 
 []


Underfull \hbox (badness 10000) in paragraph at lines 554--559

 []


Overfull \hbox (12.0pt too wide) in paragraph at lines 561--562
[][] [] 
 []


Underfull \hbox (badness 10000) in paragraph at lines 564--572

 []


Underfull \vbox (badness 10000) has occurred while \output is active []

 [10]
Overfull \hbox (12.0pt too wide) in paragraph at lines 574--575
[][] [] 
 []


Overfull \hbox (12.0pt too wide) in paragraph at lines 583--584
[][] [] 
 []


Underfull \hbox (badness 10000) in paragraph at lines 586--587

 []


Overfull \hbox (12.0pt too wide) in paragraph at lines 589--590
[][] [] 
 []


Underfull \hbox (badness 10000) in paragraph at lines 592--597

 []


Overfull \hbox (12.0pt too wide) in paragraph at lines 599--600
[][] [] 
 []


Underfull \hbox (badness 10000) in paragraph at lines 602--608

 []


Overfull \hbox (12.0pt too wide) in paragraph at lines 610--611
[][] [] 
 []


Underfull \hbox (badness 10000) in paragraph at lines 613--614

 []


Overfull \hbox (12.0pt too wide) in paragraph at lines 616--617
[][] [] 
 []


Underfull \hbox (badness 10000) in paragraph at lines 619--625

 []


Overfull \hbox (12.0pt too wide) in paragraph at lines 627--628
[][] [] 
 []


Underfull \hbox (badness 10000) in paragraph at lines 630--631

 []


Overfull \hbox (12.0pt too wide) in paragraph at lines 633--634
[][] [] 
 []


Underfull \vbox (badness 10000) has occurred while \output is active []

 [11]
Underfull \hbox (badness 10000) in paragraph at lines 637--639

 []


Overfull \hbox (12.0pt too wide) in paragraph at lines 641--642
[][] [] 
 []


Underfull \hbox (badness 10000) in paragraph at lines 644--646

 []


Overfull \hbox (12.0pt too wide) in paragraph at lines 648--649
[][] [] 
 []


Underfull \hbox (badness 10000) in paragraph at lines 651--659

 []


Overfull \hbox (12.0pt too wide) in paragraph at lines 661--662
[][] [] 
 []


Underfull \hbox (badness 10000) in paragraph at lines 664--671

 []


Overfull \hbox (12.0pt too wide) in paragraph at lines 673--674
[][] [] 
 []


Overfull \hbox (180.39072pt too wide) in paragraph at lines 678--679
[]$[]$ 
 []


Underfull \hbox (badness 10000) in paragraph at lines 678--679

 []


Overfull \hbox (12.0pt too wide) in paragraph at lines 681--682
[][] [] 
 []


Underfull \hbox (badness 10000) in paragraph at lines 684--691

 []


Underfull \vbox (badness 10000) has occurred while \output is active []

 [12]
Overfull \hbox (12.0pt too wide) in paragraph at lines 693--694
[][] [] 
 []


Underfull \hbox (badness 10000) in paragraph at lines 696--701

 []


Overfull \hbox (12.0pt too wide) in paragraph at lines 703--704
[][] [] 
 []


Underfull \hbox (badness 10000) in paragraph at lines 706--732

 []


Underfull \vbox (badness 10000) has occurred while \output is active []

 [13]
Overfull \hbox (12.0pt too wide) in paragraph at lines 734--735
[][] [] 
 []


Underfull \hbox (badness 10000) in paragraph at lines 737--740

 []


Overfull \hbox (12.0pt too wide) in paragraph at lines 742--743
[][] [] 
 []


Underfull \hbox (badness 10000) in paragraph at lines 745--753

 []


Overfull \hbox (12.0pt too wide) in paragraph at lines 755--756
[][] [] 
 []


Underfull \hbox (badness 10000) in paragraph at lines 758--778

 []


Underfull \vbox (badness 10000) has occurred while \output is active []

 [14]
Overfull \hbox (12.0pt too wide) in paragraph at lines 779--780
[][] [] 
 []


LaTeX Warning: Command \l invalid in math mode on input line 784.


Overfull \hbox (18.59981pt too wide) in paragraph at lines 783--789
[]$[]$ 
 []


Overfull \hbox (31.21106pt too wide) in paragraph at lines 783--789
\U/msa/m/n/12 ) \OMS/cmsy/m/n/12 j\OML/cmm/m/it/12 n[]\OMS/cmsy/m/n/12 i \OT1/c
mr/m/n/12 = []\OML/cmm/m/it/12 V[]V\OMS/cmsy/m/n/12 j\OML/cmm/m/it/12 n[]\OMS/c
msy/m/n/12 i ^^@ []h\OML/cmm/m/it/12 n[]\OMS/cmsy/m/n/12 j\OML/cmm/m/it/12 V\OM
S/cmsy/m/n/12 j\OML/cmm/m/it/12 n[]\OMS/cmsy/m/n/12 i[]\OML/cmm/m/it/12 V\OMS/c
msy/m/n/12 j\OML/cmm/m/it/12 n[]\OMS/cmsy/m/n/12 i[] 
 []


Underfull \hbox (badness 10000) in paragraph at lines 783--789

 []


Overfull \hbox (12.0pt too wide) in paragraph at lines 790--791
[][] [] 
 []


Underfull \hbox (badness 10000) in paragraph at lines 793--796

 []


Overfull \hbox (12.0pt too wide) in paragraph at lines 798--799
[][] [] 
 []


Underfull \hbox (badness 10000) in paragraph at lines 801--812

 []


Overfull \hbox (12.0pt too wide) in paragraph at lines 814--815
[][] [] 
 []


Underfull \hbox (badness 10000) in paragraph at lines 817--818

 []


Underfull \vbox (badness 10000) has occurred while \output is active []

 [15]
Overfull \hbox (3.65689pt too wide) in paragraph at lines 818--835
\OT1/cmr/m/n/12 + \OML/cmm/m/it/12 ^^U[]\OT1/cmr/m/n/12 ([]([][] \OMS/cmsy/m/n/
12 j\OML/cmm/m/it/12 k[]\OMS/cmsy/m/n/12 ih\OML/cmm/m/it/12 k[]\OMS/cmsy/m/n/12
 j\OT1/cmr/m/n/12 )\OML/cmm/m/it/12 V[]\OT1/cmr/m/n/12 ([][] \OMS/cmsy/m/n/12 j
\OML/cmm/m/it/12 k[]\OMS/cmsy/m/n/12 ih\OML/cmm/m/it/12 k[]\OT1/cmr/m/n/12 )\OM
L/cmm/m/it/12 V\OMS/cmsy/m/n/12 j\OML/cmm/m/it/12 n[]\OMS/cmsy/m/n/12 i[] 
 []


Overfull \hbox (39.42812pt too wide) in paragraph at lines 818--835
\OMS/cmsy/m/n/12 ^^@ []\OT1/cmr/m/n/12 ([][] \OMS/cmsy/m/n/12 j\OML/cmm/m/it/12
 k[]\OMS/cmsy/m/n/12 ih\OML/cmm/m/it/12 k[]\OMS/cmsy/m/n/12 j\OT1/cmr/m/n/12 )\
OMS/cmsy/m/n/12 h\OML/cmm/m/it/12 n[]\OMS/cmsy/m/n/12 j\OML/cmm/m/it/12 V\OMS/c
msy/m/n/12 j\OML/cmm/m/it/12 n[]\OMS/cmsy/m/n/12 i[]\OT1/cmr/m/n/12 ([][] \OMS/
cmsy/m/n/12 j\OML/cmm/m/it/12 `[]\OMS/cmsy/m/n/12 ih\OML/cmm/m/it/12 `[]\OMS/cm
sy/m/n/12 j\OT1/cmr/m/n/12 )\OML/cmm/m/it/12 V\OMS/cmsy/m/n/12 j\OML/cmm/m/it/1
2 n[]\OMS/cmsy/m/n/12 i[] 
 []


Underfull \hbox (badness 10000) in paragraph at lines 818--835

 []


Overfull \hbox (12.0pt too wide) in paragraph at lines 837--838
[][] [] 
 []


Overfull \hbox (42.18652pt too wide) in paragraph at lines 846--886
[][] []\OML/cmm/m/it/12 p[] \OMS/cmsy/m/n/12 ^^A \OML/cmm/m/it/12 ^^N[] \OT1/cm
r/m/n/12 = [][] \OML/cmm/m/it/12 m[][][]^^Nq[][] 
 []

[16]
Overfull \hbox (12.0pt too wide) in paragraph at lines 888--889
[][] [] 
 []


Underfull \hbox (badness 10000) in paragraph at lines 891--903

 []


Underfull \vbox (badness 10000) has occurred while \output is active []

 [17]
Overfull \hbox (12.0pt too wide) in paragraph at lines 905--906
[][] [] 
 []


Overfull \hbox (12.0pt too wide) in paragraph at lines 912--913
[][] [] 
 []


Overfull \hbox (12.0pt too wide) in paragraph at lines 923--924
[][] [] 
 []


Underfull \hbox (badness 10000) in paragraph at lines 926--932

 []


Overfull \hbox (12.0pt too wide) in paragraph at lines 934--935
[][] [] 
 []


Underfull \hbox (badness 10000) in paragraph at lines 937--946

 []


Underfull \vbox (badness 10000) has occurred while \output is active []

 [18]
Overfull \hbox (12.0pt too wide) in paragraph at lines 948--949
[][] [] 
 []


Underfull \hbox (badness 10000) in paragraph at lines 951--959

 []


Overfull \hbox (12.0pt too wide) in paragraph at lines 960--961
[][] [] 
 []


Overfull \hbox (12.0pt too wide) in paragraph at lines 968--969
[][] [] 
 []


Underfull \hbox (badness 10000) in paragraph at lines 971--981

 []


Overfull \hbox (12.0pt too wide) in paragraph at lines 982--983
[][] [] 
 []


Underfull \hbox (badness 10000) in paragraph at lines 985--994

 []


Underfull \vbox (badness 10000) has occurred while \output is active []

 [19]
Overfull \hbox (12.0pt too wide) in paragraph at lines 996--997
[][] [] 
 []


Underfull \hbox (badness 10000) in paragraph at lines 999--1006

 []


Overfull \hbox (12.0pt too wide) in paragraph at lines 1008--1009
[][] [] 
 []


Underfull \hbox (badness 10000) in paragraph at lines 1011--1012

 []


Overfull \hbox (12.0pt too wide) in paragraph at lines 1014--1015
[][] [] 
 []


Underfull \hbox (badness 10000) in paragraph at lines 1017--1021

 []


Overfull \hbox (12.0pt too wide) in paragraph at lines 1023--1024
[][] [] 
 []


Underfull \hbox (badness 10000) in paragraph at lines 1026--1028

 []


Overfull \hbox (12.0pt too wide) in paragraph at lines 1030--1031
[][] [] 
 []


Underfull \hbox (badness 10000) in paragraph at lines 1033--1034

 []


Overfull \hbox (12.0pt too wide) in paragraph at lines 1036--1037
[][] [] 
 []


Underfull \hbox (badness 10000) in paragraph at lines 1039--1041

 []


Underfull \vbox (badness 10000) has occurred while \output is active []

 [20]
Overfull \hbox (12.0pt too wide) in paragraph at lines 1043--1044
[][] [] 
 []


Underfull \hbox (badness 10000) in paragraph at lines 1046--1052

 []


Overfull \hbox (12.0pt too wide) in paragraph at lines 1054--1055
[][] [] 
 []


Underfull \hbox (badness 10000) in paragraph at lines 1057--1059

 []


Overfull \hbox (12.0pt too wide) in paragraph at lines 1061--1062
[][] [] 
 []


Underfull \hbox (badness 10000) in paragraph at lines 1063--1072

 []


Overfull \hbox (12.0pt too wide) in paragraph at lines 1074--1075
[][] [] 
 []


Underfull \hbox (badness 10000) in paragraph at lines 1077--1093

 []


Underfull \vbox (badness 10000) has occurred while \output is active []

 [21]
Overfull \hbox (12.0pt too wide) in paragraph at lines 1095--1096
[][] [] 
 []


Underfull \hbox (badness 10000) in paragraph at lines 1098--1104

 []


Overfull \hbox (12.0pt too wide) in paragraph at lines 1106--1107
[][] [] 
 []


Underfull \hbox (badness 10000) in paragraph at lines 1109--1114

 []


Overfull \hbox (12.0pt too wide) in paragraph at lines 1116--1117
[][] [] 
 []


Underfull \hbox (badness 10000) in paragraph at lines 1127--1136

 []


Underfull \vbox (badness 10000) has occurred while \output is active []

 [22]
Overfull \hbox (12.0pt too wide) in paragraph at lines 1138--1139
[][] [] 
 []


Underfull \hbox (badness 10000) in paragraph at lines 1141--1145

 []


Overfull \hbox (12.0pt too wide) in paragraph at lines 1147--1148
[][] [] 
 []


Underfull \hbox (badness 10000) in paragraph at lines 1150--1164

 []


Overfull \hbox (12.0pt too wide) in paragraph at lines 1166--1167
[][] [] 
 []


Underfull \hbox (badness 10000) in paragraph at lines 1169--1175

 []


Underfull \vbox (badness 10000) has occurred while \output is active []

 [23]
Overfull \hbox (12.0pt too wide) in paragraph at lines 1177--1178
[][] [] 
 []


Underfull \hbox (badness 10000) in paragraph at lines 1180--1199

 []


Overfull \hbox (12.0pt too wide) in paragraph at lines 1202--1203
[][] [] 
 []


Underfull \hbox (badness 10000) in paragraph at lines 1205--1218

 []


Underfull \vbox (badness 10000) has occurred while \output is active []

 [24]
Overfull \hbox (12.0pt too wide) in paragraph at lines 1220--1221
[][] [] 
 []


Overfull \hbox (12.0pt too wide) in paragraph at lines 1233--1234
[][] [] 
 []


Underfull \hbox (badness 10000) in paragraph at lines 1236--1247

 []


Overfull \hbox (12.0pt too wide) in paragraph at lines 1248--1249
[][] [] 
 []


Overfull \hbox (15.43008pt too wide) in paragraph at lines 1251--1260
[]\OT1/cmr/m/n/12 separable case $\OML/cmm/m/it/12 L \OT1/cmr/m/n/12 = \OML/cmm
/m/it/12 L[] \OT1/cmr/m/n/12 + \OML/cmm/m/it/12 L[];   L[]w[]\OT1/cmr/m/n/12 (\
OML/cmm/m/it/12 w\OT1/cmr/m/n/12 ) = \OML/cmm/m/it/12 ^^U[]W[]\OT1/cmr/m/n/12 (
\OML/cmm/m/it/12 w\OT1/cmr/m/n/12 )\OML/cmm/m/it/12 ;   \OMS/cmsy/m/n/12 h\OML/
cmm/m/it/12 W[]; W[]\OMS/cmsy/m/n/12 i \OT1/cmr/m/n/12 =
 []


Overfull \hbox (7.21036pt too wide) in paragraph at lines 1251--1260
\OT1/cmr/m/n/12 =[]\OMS/cmsy/m/n/12 )  [][]\OT1/cmr/m/n/12 [\OML/cmm/m/it/12 ^^
U[]g[]\OMS/cmsy/m/n/12 h\OML/cmm/m/it/12 W[]; W[]\OMS/cmsy/m/n/12 i \OT1/cmr/m/
n/12 + \OMS/cmsy/m/n/12 h\OML/cmm/m/it/12 W[]; W[]\OMS/cmsy/m/n/12 i\OML/cmm/m/
it/12 L[]g[]\OT1/cmr/m/n/12 ] = \OMS/cmsy/m/n/12 h\OML/cmm/m/it/12 ^^N\OT1/cmr/
m/n/12 (\OML/cmm/m/it/12 w \OMS/cmsy/m/n/12 ^^@ \OML/cmm/m/it/12 w[]\OT1/cmr/m/
n/12 )\OML/cmm/m/it/12 ; W[]\OMS/cmsy/m/n/12 i\OML/cmm/m/it/12 ^^N\OT1/cmr/m/n/
12 (\OML/cmm/m/it/12 z \OMS/cmsy/m/n/12 ^^@
 []


Underfull \hbox (badness 10000) in paragraph at lines 1263--1264

 []


Underfull \vbox (badness 10000) has occurred while \output is active []

 [25]
Overfull \hbox (12.0pt too wide) in paragraph at lines 1266--1267
[][] [] 
 []


Overfull \hbox (12.0pt too wide) in paragraph at lines 1279--1280
[][] [] 
 []


Underfull \hbox (badness 10000) in paragraph at lines 1282--1287

 []


Overfull \hbox (12.0pt too wide) in paragraph at lines 1289--1290
[][] [] 
 []


LaTeX Warning: Command \l invalid in math mode on input line 1294.


LaTeX Warning: Command \l invalid in math mode on input line 1294.


Underfull \hbox (badness 10000) in paragraph at lines 1292--1297

 []


Overfull \hbox (12.0pt too wide) in paragraph at lines 1299--1300
[][] [] 
 []


Underfull \vbox (badness 10000) has occurred while \output is active []

 [26]
Overfull \hbox (12.0pt too wide) in paragraph at lines 1310--1311
[][] [] 
 []


Overfull \hbox (23.4226pt too wide) in paragraph at lines 1313--1317
[]$ $\OML/cmm/m/it/12 J[]A[] \OT1/cmr/m/n/12 = (\OML/cmm/m/it/12 g[]gamma[][]L[
]A[] \OMS/cmsy/m/n/12 ^^@ \OML/cmm/m/it/12 g[]\OT1/cmr/m/n/12 [[]([]\OML/cmm/m/
it/12 ^^M[]L[]\OT1/cmr/m/n/12 ) + ([]\OML/cmm/m/it/12 ^^M[]R[]\OT1/cmr/m/n/12 )
]\OML/cmm/m/it/12 B[]$
 []


Overfull \hbox (12.0pt too wide) in paragraph at lines 1319--1320
[][] [] 
 []


Underfull \hbox (badness 10000) in paragraph at lines 1322--1327

 []


Overfull \hbox (12.0pt too wide) in paragraph at lines 1329--1330
[][] [] 
 []


Underfull \hbox (badness 10000) in paragraph at lines 1332--1342

 []


Overfull \hbox (12.0pt too wide) in paragraph at lines 1344--1345
[][] [] 
 []


Underfull \hbox (badness 10000) in paragraph at lines 1347--1356

 []


Underfull \vbox (badness 10000) has occurred while \output is active []

 [27]
Overfull \hbox (12.0pt too wide) in paragraph at lines 1358--1359
[][] [] 
 []


Overfull \hbox (12.0pt too wide) in paragraph at lines 1371--1372
[][] [] 
 []


Overfull \hbox (12.0pt too wide) in paragraph at lines 1389--1390
[][] [] 
 []


Overfull \hbox (8.19128pt too wide) in paragraph at lines 1393--1424
\OT1/cmr/m/n/12 (could un-der-stand this part bet-ter and i dont un-der-stand $
[]  =[]\OMS/cmsy/m/n/12 )
 []


Underfull \hbox (badness 10000) in paragraph at lines 1393--1424

 []

[28]
Overfull \hbox (12.0pt too wide) in paragraph at lines 1426--1427
[][] [] 
 []


Underfull \vbox (badness 10000) has occurred while \output is active []

 [29]
Underfull \hbox (badness 10000) in paragraph at lines 1429--1442

 []


Overfull \hbox (12.0pt too wide) in paragraph at lines 1444--1445
[][] [] 
 []


Underfull \hbox (badness 10000) in paragraph at lines 1447--1453

 []


Overfull \hbox (12.0pt too wide) in paragraph at lines 1455--1456
[][] [] 
 []


Overfull \hbox (12.0pt too wide) in paragraph at lines 1462--1463
[][] [] 
 []


Overfull \hbox (13.49484pt too wide) in paragraph at lines 1465--1471
\OT1/cmr/m/n/12 now con-sider next term which is sym-met-ric un-der $\OML/cmm/m
/it/12 ^^^ \OMS/cmsy/m/n/12 ! ^^@\OML/cmm/m/it/12 ^^^\OT1/cmr/m/n/12 ;   \OMS/c
msy/m/n/12 H[] \OT1/cmr/m/n/12 =
 []


Overfull \hbox (12.0pt too wide) in paragraph at lines 1473--1474
[][] [] 
 []


Overfull \hbox (12.0pt too wide) in paragraph at lines 1480--1481
[][] [] 
 []


Underfull \vbox (badness 10000) has occurred while \output is active []

 [30]
Overfull \hbox (12.0pt too wide) in paragraph at lines 1501--1502
[][] [] 
 []


Underfull \hbox (badness 10000) in paragraph at lines 1504--1509

 []


Overfull \hbox (12.0pt too wide) in paragraph at lines 1511--1512
[][] [] 
 []


Underfull \hbox (badness 10000) in paragraph at lines 1514--1521

 []


Overfull \hbox (12.0pt too wide) in paragraph at lines 1523--1524
[][] [] 
 []


Overfull \hbox (8.76578pt too wide) in paragraph at lines 1526--1532
\OML/cmm/m/it/12 Z \OT1/cmr/m/n/12 = \OML/cmm/m/it/12 V [] d[]p []\OT1/cmr/m/n/
12 (\OMS/cmsy/m/n/12 ^^@\OML/cmm/m/it/12 p[]=\OT1/cmr/m/n/12 2\OML/cmm/m/it/12 
mk[]T\OT1/cmr/m/n/12 ) = \OML/cmm/m/it/12 V\OT1/cmr/m/n/12 4\OML/cmm/m/it/12 ^^
Y [][] p[]dp []\OT1/cmr/m/n/12 (\OMS/cmsy/m/n/12 ^^@\OML/cmm/m/it/12 p[]=\OT1/c
mr/m/n/12 2\OML/cmm/m/it/12 mk[]T\OT1/cmr/m/n/12 )[] 
 []


Underfull \hbox (badness 10000) in paragraph at lines 1526--1532

 []


Overfull \hbox (12.0pt too wide) in paragraph at lines 1534--1535
[][] [] 
 []


Underfull \hbox (badness 10000) in paragraph at lines 1537--1551

 []

[31]
Overfull \hbox (12.0pt too wide) in paragraph at lines 1553--1554
[][] [] 
 []


Underfull \hbox (badness 10000) in paragraph at lines 1556--1564

 []


Overfull \hbox (12.0pt too wide) in paragraph at lines 1566--1567
[][] [] 
 []


Underfull \hbox (badness 10000) in paragraph at lines 1569--1575

 []


Overfull \hbox (12.0pt too wide) in paragraph at lines 1577--1578
[][] [] 
 []


Underfull \hbox (badness 10000) in paragraph at lines 1580--1581

 []


Underfull \vbox (badness 10000) has occurred while \output is active []

 [32]
Underfull \hbox (badness 10000) in paragraph at lines 1586--1594

 []


Overfull \hbox (12.0pt too wide) in paragraph at lines 1596--1597
[][] [] 
 []


Underfull \hbox (badness 10000) in paragraph at lines 1599--1605

 []


Overfull \hbox (12.0pt too wide) in paragraph at lines 1606--1607
[][] [] 
 []


Underfull \hbox (badness 10000) in paragraph at lines 1609--1610

 []


Overfull \hbox (12.0pt too wide) in paragraph at lines 1612--1613
[][] [] 
 []


Overfull \hbox (15.67784pt too wide) in paragraph at lines 1615--1634
\OML/cmm/m/it/12 A[] \OT1/cmr/m/n/12 = [] \OML/cmm/m/it/12 d\OT1/cmr/m/n/12 
\OML/cmm/m/it/12 Y[]\OT1/cmr/m/n/12 (\OML/cmm/m/it/12 ^^R; ^^^\OT1/cmr/m/n/12 )
\OML/cmm/m/it/12 g\OT1/cmr/m/n/12 (\OML/cmm/m/it/12 ^^R; ^^^\OT1/cmr/m/n/12 ); 
  [] \OML/cmm/m/it/12 ^^M \OT1/cmr/m/n/12 = [] \OML/cmm/m/it/12 ^^R [] ^^R[] \O
T1/cmr/m/n/12 + [] \OML/cmm/m/it/12 ^^R [] ^^R[] []\OT1/cmr/m/n/12 (\OML/cmm/m/
it/12 ^^^ \OMS/cmsy/m/n/12 ^^@
 []


Overfull \hbox (26.19585pt too wide) in paragraph at lines 1615--1634
[] \OML/cmm/m/it/12 P[]\OT1/cmr/m/n/12 ([] \OML/cmm/m/it/12 ^^M\OT1/cmr/m/n/12 
)\OML/cmm/m/it/12 Y[]\OT1/cmr/m/n/12 (\OML/cmm/m/it/12 ^^R; ^^^\OT1/cmr/m/n/12 
)\OML/cmm/m/it/12 d\OT1/cmr/m/n/12 
 = [][] \OML/cmm/m/it/12 A[]\OT1/cmr/m/n/12 (\OML/cmm/m/it/12 ^^R[]; ^^^[]\OT1/
cmr/m/n/12 ) [] \OML/cmm/m/it/12 Y[]\OT1/cmr/m/n/12 (\OML/cmm/m/it/12 ^^R; ^^^\
OT1/cmr/m/n/12 )\OML/cmm/m/it/12 Y[]\OT1/cmr/m/n/12 (\OML/cmm/m/it/12 ^^R; ^^^\
OT1/cmr/m/n/12 )\OML/cmm/m/it/12 d\OT1/cmr/m/n/12 
[] 
 []

[33]
Overfull \hbox (12.0pt too wide) in paragraph at lines 1636--1637
[][] [] 
 []


Underfull \hbox (badness 10000) in paragraph at lines 1639--1645

 []


Overfull \hbox (12.0pt too wide) in paragraph at lines 1647--1648
[][] [] 
 []


Underfull \hbox (badness 10000) in paragraph at lines 1651--1655

 []


Overfull \hbox (12.0pt too wide) in paragraph at lines 1657--1658
[][] [] 
 []


Overfull \hbox (12.0pt too wide) in paragraph at lines 1663--1664
[][] [] 
 []


Underfull \hbox (badness 10000) in paragraph at lines 1666--1679

 []


Underfull \vbox (badness 10000) has occurred while \output is active []

 [34]
Overfull \hbox (12.0pt too wide) in paragraph at lines 1681--1682
[][] [] 
 []


Underfull \hbox (badness 10000) in paragraph at lines 1684--1690

 []


Overfull \hbox (12.0pt too wide) in paragraph at lines 1692--1693
[][] [] 
 []


Overfull \hbox (8.56238pt too wide) in paragraph at lines 1695--1703
[]$[]$ \OT1/cmr/m/n/12 (near
 []


Overfull \hbox (81.46155pt too wide) in paragraph at lines 1695--1703
\OT1/cmr/m/n/12 =[]\OMS/cmsy/m/n/12 )  []\OT1/cmr/m/n/12 ([]) = [] [] []([])\OM
L/cmm/m/it/12 e[]\OT1/cmr/m/n/12 (4\OML/cmm/m/it/12 ^^Y [][] [][] [][]Y[]\OT1/c
mr/m/n/12 (\OML/cmm/m/it/12 ^^R[]; ^^^[]\OT1/cmr/m/n/12 )\OML/cmm/m/it/12 Y[]\O
T1/cmr/m/n/12 (\OML/cmm/m/it/12 ^^R; ^^^\OT1/cmr/m/n/12 ))\OML/cmm/m/it/12 d[]x
[][] 
 []


Overfull \hbox (210.3164pt too wide) in paragraph at lines 1695--1703
\OT1/cmr/m/n/12 =[]\OMS/cmsy/m/n/12 )  [][] []\OT1/cmr/m/n/12 ([]) = [][] [] []
 []([])\OML/cmm/m/it/12 e[]e[]\OT1/cmr/m/n/12 (4\OML/cmm/m/it/12 ^^Y [][] [][] 
[][]Y[]\OT1/cmr/m/n/12 (\OML/cmm/m/it/12 ^^R[]; ^^^[]\OT1/cmr/m/n/12 )\OML/cmm/
m/it/12 Y[]\OT1/cmr/m/n/12 (\OML/cmm/m/it/12 ^^R; ^^^\OT1/cmr/m/n/12 ))\OML/cmm
/m/it/12 d[]x[]; kr \OMS/cmsy/m/n/12 !
 []

[35] (./Grad_Physics.aux) ) 
Here is how much of TeX's memory you used:
 3699 strings out of 492616
 51290 string characters out of 6129482
 143061 words of memory out of 5000000
 7383 multiletter control sequences out of 15000+600000
 12501 words of font info for 51 fonts, out of 8000000 for 9000
 1302 hyphenation exceptions out of 8191
 55i,11n,31p,509b,263s stack positions out of 5000i,500n,10000p,200000b,80000s
</usr/local/texlive/2019/texmf-dist/fonts/type1/publ
ic/amsfonts/cm/cmbx12.pfb></usr/local/texlive/2019/texmf-dist/fonts/type1/publi
c/amsfonts/cm/cmcsc10.pfb></usr/local/texlive/2019/texmf-dist/fonts/type1/publi
c/amsfonts/cm/cmex10.pfb></usr/local/texlive/2019/texmf-dist/fonts/type1/public
/amsfonts/cmextra/cmex8.pfb></usr/local/texlive/2019/texmf-dist/fonts/type1/pub
lic/amsfonts/cm/cmmi12.pfb></usr/local/texlive/2019/texmf-dist/fonts/type1/publ
ic/amsfonts/cm/cmmi6.pfb></usr/local/texlive/2019/texmf-dist/fonts/type1/public
/amsfonts/cm/cmmi8.pfb></usr/local/texlive/2019/texmf-dist/fonts/type1/public/a
msfonts/cm/cmr10.pfb></usr/local/texlive/2019/texmf-dist/fonts/type1/public/ams
fonts/cm/cmr12.pfb></usr/local/texlive/2019/texmf-dist/fonts/type1/public/amsfo
nts/cm/cmr6.pfb></usr/local/texlive/2019/texmf-dist/fonts/type1/public/amsfonts
/cm/cmr8.pfb></usr/local/texlive/2019/texmf-dist/fonts/type1/public/amsfonts/cm
/cmr9.pfb></usr/local/texlive/2019/texmf-dist/fonts/type1/public/amsfonts/cm/cm
sy10.pfb></usr/local/texlive/2019/texmf-dist/fonts/type1/public/amsfonts/cm/cms
y6.pfb></usr/local/texlive/2019/texmf-dist/fonts/type1/public/amsfonts/cm/cmsy8
.pfb></usr/local/texlive/2019/texmf-dist/fonts/type1/public/amsfonts/symbols/ms
am10.pfb></usr/local/texlive/2019/texmf-dist/fonts/type1/public/amsfonts/symbol
s/msbm10.pfb></usr/local/texlive/2019/texmf-dist/fonts/type1/public/rsfs/rsfs10
.pfb>
Output written on Grad_Physics.pdf (35 pages, 349371 bytes).
PDF statistics:
 189 PDF objects out of 1000 (max. 8388607)
 132 compressed objects within 2 object streams
 0 named destinations out of 1000 (max. 500000)
 1 words of extra memory for PDF output out of 10000 (max. 10000000)

